#
# There is insufficient memory for the Java Runtime Environment to continue.
# Native memory allocation (malloc) failed to allocate 231216 bytes for Chunk::new
# Possible reasons:
#   The system is out of physical RAM or swap space
#   The process is running with CompressedOops enabled, and the Java Heap may be blocking the growth of the native heap
# Possible solutions:
#   Reduce memory load on the system
#   Increase physical memory or swap space
#   Check if swap backing store is full
#   Decrease Java heap size (-Xmx/-Xms)
#   Decrease number of Java threads
#   Decrease Java thread stack sizes (-Xss)
#   Set larger code cache with -XX:ReservedCodeCacheSize=
#   JVM is running with Zero Based Compressed Oops mode in which the Java heap is
#     placed in the first 32GB address space. The Java Heap base address is the
#     maximum limit for the native heap growth. Please use -XX:HeapBaseMinAddress
#     to set the Java Heap base and to place the Java Heap above 32GB virtual address.
# This output file may be truncated or incomplete.
#
#  Out of Memory Error (./src/hotspot/share/memory/arena.cpp:197), pid=35260, tid=26148
#
# JRE version: OpenJDK Runtime Environment Temurin-11.0.14.1+1 (11.0.14.1+1) (build 11.0.14.1+1)
# Java VM: OpenJDK 64-Bit Server VM Temurin-11.0.14.1+1 (11.0.14.1+1, mixed mode, tiered, compressed oops, g1 gc, windows-amd64)
# No core dump will be written. Minidumps are not enabled by default on client versions of Windows
#

---------------  S U M M A R Y ------------

Command Line: -Dfile.encoding=UTF-8 -Dcom.android.sdklib.toolsdir=C:\Program Files\Unity\Hub\Editor\2022.3.19f1\Editor\Data\PlaybackEngines\AndroidPlayer\SDK\cmdline-tools\6.0\bin\\.. com.android.sdklib.tool.sdkmanager.SdkManagerCli --list

Host: 12th Gen Intel(R) Core(TM) i7-12700H, 20 cores, 15G,  Windows 11 , 64 bit Build 22621 (10.0.22621.3235)
Time: Thu Apr 18 21:42:39 2024 Türkiye Standart Saati elapsed time: 3.984880 seconds (0d 0h 0m 3s)

---------------  T H R E A D  ---------------

Current thread (0x000002e521efc800):  JavaThread "C2 CompilerThread0" daemon [_thread_in_native, id=26148, stack(0x000000ef84900000,0x000000ef84a00000)]


Current CompileTask:
C2:   3984 2565       4       sun.security.util.AlgorithmDecomposer::decomposeImpl (128 bytes)

Stack: [0x000000ef84900000,0x000000ef84a00000]
Native frames: (J=compiled Java code, j=interpreted, Vv=VM code, C=native code)
V  [jvm.dll+0x61e59a]
V  [jvm.dll+0x7aaca9]
V  [jvm.dll+0x7ac398]
V  [jvm.dll+0x7aca73]
V  [jvm.dll+0x24f9b8]
V  [jvm.dll+0xc260c]
V  [jvm.dll+0xc2bcc]
V  [jvm.dll+0x359a07]
V  [jvm.dll+0x19e2ee]
V  [jvm.dll+0x208d12]
V  [jvm.dll+0x207ded]
V  [jvm.dll+0x18a2c1]
V  [jvm.dll+0x217734]
V  [jvm.dll+0x21597b]
V  [jvm.dll+0x76d7c0]
V  [jvm.dll+0x766724]
V  [jvm.dll+0x61d3f6]
C  [ucrtbase.dll+0x29363]
C  [KERNEL32.DLL+0x1257d]
C  [ntdll.dll+0x5aa58]


---------------  P R O C E S S  ---------------

Threads class SMR info:
_java_thread_list=0x000002e5231c5140, length=36, elements={
0x000002e57c91c800, 0x000002e521e6f800, 0x000002e521e70800, 0x000002e521ef3000,
0x000002e521ef4000, 0x000002e521ef9800, 0x000002e521efc800, 0x000002e521f06800,
0x000002e521f07800, 0x000002e52203a800, 0x000002e5220c1800, 0x000002e52265c000,
0x000002e52265d800, 0x000002e52328c000, 0x000002e5234b6800, 0x000002e523289800,
0x000002e523291000, 0x000002e523307000, 0x000002e523308000, 0x000002e523308800,
0x000002e523304800, 0x000002e523303000, 0x000002e523309800, 0x000002e523306800,
0x000002e523304000, 0x000002e523305800, 0x000002e523325000, 0x000002e523329000,
0x000002e523327800, 0x000002e523329800, 0x000002e523324000, 0x000002e52332b800,
0x000002e52332a800, 0x000002e523328000, 0x000002e521f0c000, 0x000002e521f10000
}

Java Threads: ( => current thread )
  0x000002e57c91c800 JavaThread "main" [_thread_blocked, id=32708, stack(0x000000ef83d00000,0x000000ef83e00000)]
  0x000002e521e6f800 JavaThread "Reference Handler" daemon [_thread_blocked, id=35268, stack(0x000000ef84400000,0x000000ef84500000)]
  0x000002e521e70800 JavaThread "Finalizer" daemon [_thread_blocked, id=35264, stack(0x000000ef84500000,0x000000ef84600000)]
  0x000002e521ef3000 JavaThread "Signal Dispatcher" daemon [_thread_blocked, id=31604, stack(0x000000ef84600000,0x000000ef84700000)]
  0x000002e521ef4000 JavaThread "Attach Listener" daemon [_thread_blocked, id=31520, stack(0x000000ef84700000,0x000000ef84800000)]
  0x000002e521ef9800 JavaThread "Service Thread" daemon [_thread_blocked, id=27160, stack(0x000000ef84800000,0x000000ef84900000)]
=>0x000002e521efc800 JavaThread "C2 CompilerThread0" daemon [_thread_in_native, id=26148, stack(0x000000ef84900000,0x000000ef84a00000)]
  0x000002e521f06800 JavaThread "C1 CompilerThread0" daemon [_thread_blocked, id=17168, stack(0x000000ef84a00000,0x000000ef84b00000)]
  0x000002e521f07800 JavaThread "Sweeper thread" daemon [_thread_blocked, id=34960, stack(0x000000ef84b00000,0x000000ef84c00000)]
  0x000002e52203a800 JavaThread "C1 CompilerThread1" daemon [_thread_blocked, id=8976, stack(0x000000ef84c00000,0x000000ef84d00000)]
  0x000002e5220c1800 JavaThread "Common-Cleaner" daemon [_thread_blocked, id=35388, stack(0x000000ef84e00000,0x000000ef84f00000)]
  0x000002e52265c000 JavaThread "C1 CompilerThread2" daemon [_thread_blocked, id=20620, stack(0x000000ef85000000,0x000000ef85100000)]
  0x000002e52265d800 JavaThread "C1 CompilerThread3" daemon [_thread_blocked, id=8788, stack(0x000000ef85100000,0x000000ef85200000)]
  0x000002e52328c000 JavaThread "Keep-Alive-Timer" daemon [_thread_blocked, id=35084, stack(0x000000ef85800000,0x000000ef85900000)]
  0x000002e5234b6800 JavaThread "pool-1-thread-1" [_thread_in_native, id=35136, stack(0x000000ef85c00000,0x000000ef85d00000)]
  0x000002e523289800 JavaThread "pool-1-thread-2" [_thread_in_native, id=6188, stack(0x000000ef85d00000,0x000000ef85e00000)]
  0x000002e523291000 JavaThread "pool-1-thread-3" [_thread_in_native, id=30560, stack(0x000000ef85e00000,0x000000ef85f00000)]
  0x000002e523307000 JavaThread "pool-1-thread-4" [_thread_in_native, id=32728, stack(0x000000ef85f00000,0x000000ef86000000)]
  0x000002e523308000 JavaThread "pool-1-thread-5" [_thread_in_native, id=34776, stack(0x000000ef86000000,0x000000ef86100000)]
  0x000002e523308800 JavaThread "pool-1-thread-6" [_thread_in_native, id=34896, stack(0x000000ef86100000,0x000000ef86200000)]
  0x000002e523304800 JavaThread "pool-1-thread-7" [_thread_in_native, id=35232, stack(0x000000ef86200000,0x000000ef86300000)]
  0x000002e523303000 JavaThread "pool-1-thread-8" [_thread_in_native, id=35304, stack(0x000000ef86300000,0x000000ef86400000)]
  0x000002e523309800 JavaThread "pool-1-thread-9" [_thread_in_native, id=29568, stack(0x000000ef86400000,0x000000ef86500000)]
  0x000002e523306800 JavaThread "pool-1-thread-10" [_thread_in_native, id=16540, stack(0x000000ef86500000,0x000000ef86600000)]
  0x000002e523304000 JavaThread "pool-1-thread-11" [_thread_in_native, id=27940, stack(0x000000ef86600000,0x000000ef86700000)]
  0x000002e523305800 JavaThread "pool-1-thread-12" [_thread_in_native, id=27920, stack(0x000000ef86700000,0x000000ef86800000)]
  0x000002e523325000 JavaThread "pool-1-thread-13" [_thread_in_native, id=27924, stack(0x000000ef86800000,0x000000ef86900000)]
  0x000002e523329000 JavaThread "pool-1-thread-14" [_thread_in_native, id=8396, stack(0x000000ef86900000,0x000000ef86a00000)]
  0x000002e523327800 JavaThread "pool-1-thread-15" [_thread_in_native, id=35476, stack(0x000000ef86a00000,0x000000ef86b00000)]
  0x000002e523329800 JavaThread "pool-1-thread-16" [_thread_in_native, id=884, stack(0x000000ef86b00000,0x000000ef86c00000)]
  0x000002e523324000 JavaThread "pool-1-thread-17" [_thread_in_native, id=30912, stack(0x000000ef86c00000,0x000000ef86d00000)]
  0x000002e52332b800 JavaThread "pool-1-thread-18" [_thread_in_native, id=4012, stack(0x000000ef86d00000,0x000000ef86e00000)]
  0x000002e52332a800 JavaThread "pool-1-thread-19" [_thread_in_native, id=1832, stack(0x000000ef86e00000,0x000000ef86f00000)]
  0x000002e523328000 JavaThread "pool-1-thread-20" [_thread_in_native, id=32040, stack(0x000000ef86f00000,0x000000ef87000000)]
  0x000002e521f0c000 JavaThread "C2 CompilerThread1" daemon [_thread_in_native, id=35240, stack(0x000000ef84f00000,0x000000ef85000000)]
  0x000002e521f10000 JavaThread "C2 CompilerThread2" daemon [_thread_in_native, id=34892, stack(0x000000ef85200000,0x000000ef85300000)]

Other Threads:
  0x000002e521e6c800 VMThread "VM Thread" [stack: 0x000000ef84300000,0x000000ef84400000] [id=33572]
  0x000002e5220bd800 WatcherThread [stack: 0x000000ef84d00000,0x000000ef84e00000] [id=35356]
  0x000002e57c933800 GCTaskThread "GC Thread#0" [stack: 0x000000ef83e00000,0x000000ef83f00000] [id=26064]
  0x000002e522757800 GCTaskThread "GC Thread#1" [stack: 0x000000ef85300000,0x000000ef85400000] [id=35152]
  0x000002e522758800 GCTaskThread "GC Thread#2" [stack: 0x000000ef85400000,0x000000ef85500000] [id=34800]
  0x000002e523155000 GCTaskThread "GC Thread#3" [stack: 0x000000ef85500000,0x000000ef85600000] [id=23344]
  0x000002e523156000 GCTaskThread "GC Thread#4" [stack: 0x000000ef85600000,0x000000ef85700000] [id=32152]
  0x000002e523157000 GCTaskThread "GC Thread#5" [stack: 0x000000ef85700000,0x000000ef85800000] [id=29968]
  0x000002e52333d800 GCTaskThread "GC Thread#6" [stack: 0x000000ef87200000,0x000000ef87300000] [id=13316]
  0x000002e523415800 GCTaskThread "GC Thread#7" [stack: 0x000000ef87300000,0x000000ef87400000] [id=31664]
  0x000002e523416800 GCTaskThread "GC Thread#8" [stack: 0x000000ef87400000,0x000000ef87500000] [id=35456]
  0x000002e5232c3000 GCTaskThread "GC Thread#9" [stack: 0x000000ef87500000,0x000000ef87600000] [id=24496]
  0x000002e5232c4000 GCTaskThread "GC Thread#10" [stack: 0x000000ef87600000,0x000000ef87700000] [id=33880]
  0x000002e52344d800 GCTaskThread "GC Thread#11" [stack: 0x000000ef87700000,0x000000ef87800000] [id=33568]
  0x000002e52344e000 GCTaskThread "GC Thread#12" [stack: 0x000000ef87800000,0x000000ef87900000] [id=35468]
  0x000002e5234bb800 GCTaskThread "GC Thread#13" [stack: 0x000000ef87900000,0x000000ef87a00000] [id=1684]
  0x000002e5234b7000 GCTaskThread "GC Thread#14" [stack: 0x000000ef87a00000,0x000000ef87b00000] [id=30844]
  0x000002e57c98f000 ConcurrentGCThread "G1 Main Marker" [stack: 0x000000ef83f00000,0x000000ef84000000] [id=34812]
  0x000002e57c991800 ConcurrentGCThread "G1 Conc#0" [stack: 0x000000ef84000000,0x000000ef84100000] [id=4016]
  0x000002e5230c9000 ConcurrentGCThread "G1 Conc#1" [stack: 0x000000ef85900000,0x000000ef85a00000] [id=35116]
  0x000002e5230cd800 ConcurrentGCThread "G1 Conc#2" [stack: 0x000000ef85a00000,0x000000ef85b00000] [id=35112]
  0x000002e5231ec000 ConcurrentGCThread "G1 Conc#3" [stack: 0x000000ef85b00000,0x000000ef85c00000] [id=35124]
  0x000002e5214d3800 ConcurrentGCThread "G1 Refine#0" [stack: 0x000000ef84100000,0x000000ef84200000] [id=11136]
  0x000002e5214d4800 ConcurrentGCThread "G1 Young RemSet Sampling" [stack: 0x000000ef84200000,0x000000ef84300000] [id=35256]

Threads with active compile tasks:
C2 CompilerThread0   3999 2565       4       sun.security.util.AlgorithmDecomposer::decomposeImpl (128 bytes)
C2 CompilerThread1   3999 2566       4       java.util.regex.Pattern::split (290 bytes)
C2 CompilerThread2   3999 2562       4       java.lang.String::regionMatches (150 bytes)

VM state:not at safepoint (normal execution)

VM Mutex/Monitor currently owned by a thread: None

Heap address: 0x0000000705200000, size: 4014 MB, Compressed Oops mode: Zero based, Oop shift amount: 3
Narrow klass base: 0x0000000800000000, Narrow klass shift: 0
Compressed class space size: 1073741824 Address: 0x0000000800000000

Heap:
 garbage-first heap   total 258048K, used 19677K [0x0000000705200000, 0x0000000800000000)
  region size 1024K, 16 young (16384K), 5 survivors (5120K)
 Metaspace       used 24606K, capacity 24988K, committed 25136K, reserved 1071104K
  class space    used 2503K, capacity 2614K, committed 2688K, reserved 1048576K
Heap Regions: E=young(eden), S=young(survivor), O=old, HS=humongous(starts), HC=humongous(continues), CS=collection set, F=free, A=archive, TAMS=top-at-mark-start (previous, next)
|   0|0x0000000705200000, 0x0000000705300000, 0x0000000705300000|100%| O|  |TAMS 0x0000000705200000, 0x0000000705200000| Untracked 
|   1|0x0000000705300000, 0x0000000705400000, 0x0000000705400000|100%| O|  |TAMS 0x0000000705400000, 0x0000000705300000| Untracked 
|   2|0x0000000705400000, 0x0000000705500000, 0x0000000705500000|100%| O|  |TAMS 0x0000000705414600, 0x0000000705400000| Untracked 
|   3|0x0000000705500000, 0x0000000705600000, 0x0000000705600000|100%| O|  |TAMS 0x0000000705500000, 0x0000000705500000| Untracked 
|   4|0x0000000705600000, 0x0000000705637400, 0x0000000705700000| 21%| O|  |TAMS 0x0000000705600000, 0x0000000705600000| Untracked 
|   5|0x0000000705700000, 0x0000000705700000, 0x0000000705800000|  0%| F|  |TAMS 0x0000000705700000, 0x0000000705700000| Untracked 
|   6|0x0000000705800000, 0x0000000705800000, 0x0000000705900000|  0%| F|  |TAMS 0x0000000705800000, 0x0000000705800000| Untracked 
|   7|0x0000000705900000, 0x0000000705900000, 0x0000000705a00000|  0%| F|  |TAMS 0x0000000705900000, 0x0000000705900000| Untracked 
|   8|0x0000000705a00000, 0x0000000705a00000, 0x0000000705b00000|  0%| F|  |TAMS 0x0000000705a00000, 0x0000000705a00000| Untracked 
|   9|0x0000000705b00000, 0x0000000705b00000, 0x0000000705c00000|  0%| F|  |TAMS 0x0000000705b00000, 0x0000000705b00000| Untracked 
|  10|0x0000000705c00000, 0x0000000705c00000, 0x0000000705d00000|  0%| F|  |TAMS 0x0000000705c00000, 0x0000000705c00000| Untracked 
|  11|0x0000000705d00000, 0x0000000705d00000, 0x0000000705e00000|  0%| F|  |TAMS 0x0000000705d00000, 0x0000000705d00000| Untracked 
|  12|0x0000000705e00000, 0x0000000705e00000, 0x0000000705f00000|  0%| F|  |TAMS 0x0000000705e00000, 0x0000000705e00000| Untracked 
|  13|0x0000000705f00000, 0x0000000705f00000, 0x0000000706000000|  0%| F|  |TAMS 0x0000000705f00000, 0x0000000705f00000| Untracked 
|  14|0x0000000706000000, 0x0000000706000000, 0x0000000706100000|  0%| F|  |TAMS 0x0000000706000000, 0x0000000706000000| Untracked 
|  15|0x0000000706100000, 0x0000000706100000, 0x0000000706200000|  0%| F|  |TAMS 0x0000000706100000, 0x0000000706100000| Untracked 
|  16|0x0000000706200000, 0x0000000706200000, 0x0000000706300000|  0%| F|  |TAMS 0x0000000706200000, 0x0000000706200000| Untracked 
|  17|0x0000000706300000, 0x0000000706300000, 0x0000000706400000|  0%| F|  |TAMS 0x0000000706300000, 0x0000000706300000| Untracked 
|  18|0x0000000706400000, 0x0000000706400000, 0x0000000706500000|  0%| F|  |TAMS 0x0000000706400000, 0x0000000706400000| Untracked 
|  19|0x0000000706500000, 0x0000000706500000, 0x0000000706600000|  0%| F|  |TAMS 0x0000000706500000, 0x0000000706500000| Untracked 
|  20|0x0000000706600000, 0x0000000706600000, 0x0000000706700000|  0%| F|  |TAMS 0x0000000706600000, 0x0000000706600000| Untracked 
|  21|0x0000000706700000, 0x0000000706700000, 0x0000000706800000|  0%| F|  |TAMS 0x0000000706700000, 0x0000000706700000| Untracked 
|  22|0x0000000706800000, 0x0000000706800000, 0x0000000706900000|  0%| F|  |TAMS 0x0000000706800000, 0x0000000706800000| Untracked 
|  23|0x0000000706900000, 0x0000000706900000, 0x0000000706a00000|  0%| F|  |TAMS 0x0000000706900000, 0x0000000706900000| Untracked 
|  24|0x0000000706a00000, 0x0000000706a00000, 0x0000000706b00000|  0%| F|  |TAMS 0x0000000706a00000, 0x0000000706a00000| Untracked 
|  25|0x0000000706b00000, 0x0000000706b00000, 0x0000000706c00000|  0%| F|  |TAMS 0x0000000706b00000, 0x0000000706b00000| Untracked 
|  26|0x0000000706c00000, 0x0000000706c00000, 0x0000000706d00000|  0%| F|  |TAMS 0x0000000706c00000, 0x0000000706c00000| Untracked 
|  27|0x0000000706d00000, 0x0000000706d00000, 0x0000000706e00000|  0%| F|  |TAMS 0x0000000706d00000, 0x0000000706d00000| Untracked 
|  28|0x0000000706e00000, 0x0000000706e00000, 0x0000000706f00000|  0%| F|  |TAMS 0x0000000706e00000, 0x0000000706e00000| Untracked 
|  29|0x0000000706f00000, 0x0000000706f00000, 0x0000000707000000|  0%| F|  |TAMS 0x0000000706f00000, 0x0000000706f00000| Untracked 
|  30|0x0000000707000000, 0x0000000707000000, 0x0000000707100000|  0%| F|  |TAMS 0x0000000707000000, 0x0000000707000000| Untracked 
|  31|0x0000000707100000, 0x0000000707100000, 0x0000000707200000|  0%| F|  |TAMS 0x0000000707100000, 0x0000000707100000| Untracked 
|  32|0x0000000707200000, 0x0000000707200000, 0x0000000707300000|  0%| F|  |TAMS 0x0000000707200000, 0x0000000707200000| Untracked 
|  33|0x0000000707300000, 0x0000000707300000, 0x0000000707400000|  0%| F|  |TAMS 0x0000000707300000, 0x0000000707300000| Untracked 
|  34|0x0000000707400000, 0x0000000707400000, 0x0000000707500000|  0%| F|  |TAMS 0x0000000707400000, 0x0000000707400000| Untracked 
|  35|0x0000000707500000, 0x0000000707500000, 0x0000000707600000|  0%| F|  |TAMS 0x0000000707500000, 0x0000000707500000| Untracked 
|  36|0x0000000707600000, 0x0000000707600000, 0x0000000707700000|  0%| F|  |TAMS 0x0000000707600000, 0x0000000707600000| Untracked 
|  37|0x0000000707700000, 0x0000000707700000, 0x0000000707800000|  0%| F|  |TAMS 0x0000000707700000, 0x0000000707700000| Untracked 
|  38|0x0000000707800000, 0x0000000707800000, 0x0000000707900000|  0%| F|  |TAMS 0x0000000707800000, 0x0000000707800000| Untracked 
|  39|0x0000000707900000, 0x0000000707900000, 0x0000000707a00000|  0%| F|  |TAMS 0x0000000707900000, 0x0000000707900000| Untracked 
|  40|0x0000000707a00000, 0x0000000707a00000, 0x0000000707b00000|  0%| F|  |TAMS 0x0000000707a00000, 0x0000000707a00000| Untracked 
|  41|0x0000000707b00000, 0x0000000707b00000, 0x0000000707c00000|  0%| F|  |TAMS 0x0000000707b00000, 0x0000000707b00000| Untracked 
|  42|0x0000000707c00000, 0x0000000707c00000, 0x0000000707d00000|  0%| F|  |TAMS 0x0000000707c00000, 0x0000000707c00000| Untracked 
|  43|0x0000000707d00000, 0x0000000707d00000, 0x0000000707e00000|  0%| F|  |TAMS 0x0000000707d00000, 0x0000000707d00000| Untracked 
|  44|0x0000000707e00000, 0x0000000707e00000, 0x0000000707f00000|  0%| F|  |TAMS 0x0000000707e00000, 0x0000000707e00000| Untracked 
|  45|0x0000000707f00000, 0x0000000707f00000, 0x0000000708000000|  0%| F|  |TAMS 0x0000000707f00000, 0x0000000707f00000| Untracked 
|  46|0x0000000708000000, 0x0000000708000000, 0x0000000708100000|  0%| F|  |TAMS 0x0000000708000000, 0x0000000708000000| Untracked 
|  47|0x0000000708100000, 0x0000000708100000, 0x0000000708200000|  0%| F|  |TAMS 0x0000000708100000, 0x0000000708100000| Untracked 
|  48|0x0000000708200000, 0x0000000708200000, 0x0000000708300000|  0%| F|  |TAMS 0x0000000708200000, 0x0000000708200000| Untracked 
|  49|0x0000000708300000, 0x0000000708300000, 0x0000000708400000|  0%| F|  |TAMS 0x0000000708300000, 0x0000000708300000| Untracked 
|  50|0x0000000708400000, 0x0000000708400000, 0x0000000708500000|  0%| F|  |TAMS 0x0000000708400000, 0x0000000708400000| Untracked 
|  51|0x0000000708500000, 0x0000000708500000, 0x0000000708600000|  0%| F|  |TAMS 0x0000000708500000, 0x0000000708500000| Untracked 
|  52|0x0000000708600000, 0x0000000708600000, 0x0000000708700000|  0%| F|  |TAMS 0x0000000708600000, 0x0000000708600000| Untracked 
|  53|0x0000000708700000, 0x0000000708700000, 0x0000000708800000|  0%| F|  |TAMS 0x0000000708700000, 0x0000000708700000| Untracked 
|  54|0x0000000708800000, 0x0000000708800000, 0x0000000708900000|  0%| F|  |TAMS 0x0000000708800000, 0x0000000708800000| Untracked 
|  55|0x0000000708900000, 0x0000000708900000, 0x0000000708a00000|  0%| F|  |TAMS 0x0000000708900000, 0x0000000708900000| Untracked 
|  56|0x0000000708a00000, 0x0000000708a00000, 0x0000000708b00000|  0%| F|  |TAMS 0x0000000708a00000, 0x0000000708a00000| Untracked 
|  57|0x0000000708b00000, 0x0000000708b00000, 0x0000000708c00000|  0%| F|  |TAMS 0x0000000708b00000, 0x0000000708b00000| Untracked 
|  58|0x0000000708c00000, 0x0000000708c00000, 0x0000000708d00000|  0%| F|  |TAMS 0x0000000708c00000, 0x0000000708c00000| Untracked 
|  59|0x0000000708d00000, 0x0000000708d00000, 0x0000000708e00000|  0%| F|  |TAMS 0x0000000708d00000, 0x0000000708d00000| Untracked 
|  60|0x0000000708e00000, 0x0000000708e00000, 0x0000000708f00000|  0%| F|  |TAMS 0x0000000708e00000, 0x0000000708e00000| Untracked 
|  61|0x0000000708f00000, 0x0000000708f00000, 0x0000000709000000|  0%| F|  |TAMS 0x0000000708f00000, 0x0000000708f00000| Untracked 
|  62|0x0000000709000000, 0x0000000709000000, 0x0000000709100000|  0%| F|  |TAMS 0x0000000709000000, 0x0000000709000000| Untracked 
|  63|0x0000000709100000, 0x0000000709100000, 0x0000000709200000|  0%| F|  |TAMS 0x0000000709100000, 0x0000000709100000| Untracked 
|  64|0x0000000709200000, 0x0000000709200000, 0x0000000709300000|  0%| F|  |TAMS 0x0000000709200000, 0x0000000709200000| Untracked 
|  65|0x0000000709300000, 0x0000000709300000, 0x0000000709400000|  0%| F|  |TAMS 0x0000000709300000, 0x0000000709300000| Untracked 
|  66|0x0000000709400000, 0x0000000709400000, 0x0000000709500000|  0%| F|  |TAMS 0x0000000709400000, 0x0000000709400000| Untracked 
|  67|0x0000000709500000, 0x0000000709500000, 0x0000000709600000|  0%| F|  |TAMS 0x0000000709500000, 0x0000000709500000| Untracked 
|  68|0x0000000709600000, 0x0000000709600000, 0x0000000709700000|  0%| F|  |TAMS 0x0000000709600000, 0x0000000709600000| Untracked 
|  69|0x0000000709700000, 0x0000000709700000, 0x0000000709800000|  0%| F|  |TAMS 0x0000000709700000, 0x0000000709700000| Untracked 
|  70|0x0000000709800000, 0x0000000709800000, 0x0000000709900000|  0%| F|  |TAMS 0x0000000709800000, 0x0000000709800000| Untracked 
|  71|0x0000000709900000, 0x0000000709900000, 0x0000000709a00000|  0%| F|  |TAMS 0x0000000709900000, 0x0000000709900000| Untracked 
|  72|0x0000000709a00000, 0x0000000709a00000, 0x0000000709b00000|  0%| F|  |TAMS 0x0000000709a00000, 0x0000000709a00000| Untracked 
|  73|0x0000000709b00000, 0x0000000709b00000, 0x0000000709c00000|  0%| F|  |TAMS 0x0000000709b00000, 0x0000000709b00000| Untracked 
|  74|0x0000000709c00000, 0x0000000709c00000, 0x0000000709d00000|  0%| F|  |TAMS 0x0000000709c00000, 0x0000000709c00000| Untracked 
|  75|0x0000000709d00000, 0x0000000709d00000, 0x0000000709e00000|  0%| F|  |TAMS 0x0000000709d00000, 0x0000000709d00000| Untracked 
|  76|0x0000000709e00000, 0x0000000709e00000, 0x0000000709f00000|  0%| F|  |TAMS 0x0000000709e00000, 0x0000000709e00000| Untracked 
|  77|0x0000000709f00000, 0x0000000709f00000, 0x000000070a000000|  0%| F|  |TAMS 0x0000000709f00000, 0x0000000709f00000| Untracked 
|  78|0x000000070a000000, 0x000000070a000000, 0x000000070a100000|  0%| F|  |TAMS 0x000000070a000000, 0x000000070a000000| Untracked 
|  79|0x000000070a100000, 0x000000070a100000, 0x000000070a200000|  0%| F|  |TAMS 0x000000070a100000, 0x000000070a100000| Untracked 
|  80|0x000000070a200000, 0x000000070a200000, 0x000000070a300000|  0%| F|  |TAMS 0x000000070a200000, 0x000000070a200000| Untracked 
|  81|0x000000070a300000, 0x000000070a300000, 0x000000070a400000|  0%| F|  |TAMS 0x000000070a300000, 0x000000070a300000| Untracked 
|  82|0x000000070a400000, 0x000000070a400000, 0x000000070a500000|  0%| F|  |TAMS 0x000000070a400000, 0x000000070a400000| Untracked 
|  83|0x000000070a500000, 0x000000070a500000, 0x000000070a600000|  0%| F|  |TAMS 0x000000070a500000, 0x000000070a500000| Untracked 
|  84|0x000000070a600000, 0x000000070a600000, 0x000000070a700000|  0%| F|  |TAMS 0x000000070a600000, 0x000000070a600000| Untracked 
|  85|0x000000070a700000, 0x000000070a700000, 0x000000070a800000|  0%| F|  |TAMS 0x000000070a700000, 0x000000070a700000| Untracked 
|  86|0x000000070a800000, 0x000000070a800000, 0x000000070a900000|  0%| F|  |TAMS 0x000000070a800000, 0x000000070a800000| Untracked 
|  87|0x000000070a900000, 0x000000070a900000, 0x000000070aa00000|  0%| F|  |TAMS 0x000000070a900000, 0x000000070a900000| Untracked 
|  88|0x000000070aa00000, 0x000000070aa00000, 0x000000070ab00000|  0%| F|  |TAMS 0x000000070aa00000, 0x000000070aa00000| Untracked 
|  89|0x000000070ab00000, 0x000000070ab00000, 0x000000070ac00000|  0%| F|  |TAMS 0x000000070ab00000, 0x000000070ab00000| Untracked 
|  90|0x000000070ac00000, 0x000000070ac00000, 0x000000070ad00000|  0%| F|  |TAMS 0x000000070ac00000, 0x000000070ac00000| Untracked 
|  91|0x000000070ad00000, 0x000000070ad00000, 0x000000070ae00000|  0%| F|  |TAMS 0x000000070ad00000, 0x000000070ad00000| Untracked 
|  92|0x000000070ae00000, 0x000000070ae00000, 0x000000070af00000|  0%| F|  |TAMS 0x000000070ae00000, 0x000000070ae00000| Untracked 
|  93|0x000000070af00000, 0x000000070af00000, 0x000000070b000000|  0%| F|  |TAMS 0x000000070af00000, 0x000000070af00000| Untracked 
|  94|0x000000070b000000, 0x000000070b000000, 0x000000070b100000|  0%| F|  |TAMS 0x000000070b000000, 0x000000070b000000| Untracked 
|  95|0x000000070b100000, 0x000000070b100000, 0x000000070b200000|  0%| F|  |TAMS 0x000000070b100000, 0x000000070b100000| Untracked 
|  96|0x000000070b200000, 0x000000070b200000, 0x000000070b300000|  0%| F|  |TAMS 0x000000070b200000, 0x000000070b200000| Untracked 
|  97|0x000000070b300000, 0x000000070b300000, 0x000000070b400000|  0%| F|  |TAMS 0x000000070b300000, 0x000000070b300000| Untracked 
|  98|0x000000070b400000, 0x000000070b400000, 0x000000070b500000|  0%| F|  |TAMS 0x000000070b400000, 0x000000070b400000| Untracked 
|  99|0x000000070b500000, 0x000000070b500000, 0x000000070b600000|  0%| F|  |TAMS 0x000000070b500000, 0x000000070b500000| Untracked 
| 100|0x000000070b600000, 0x000000070b600000, 0x000000070b700000|  0%| F|  |TAMS 0x000000070b600000, 0x000000070b600000| Untracked 
| 101|0x000000070b700000, 0x000000070b700000, 0x000000070b800000|  0%| F|  |TAMS 0x000000070b700000, 0x000000070b700000| Untracked 
| 102|0x000000070b800000, 0x000000070b800000, 0x000000070b900000|  0%| F|  |TAMS 0x000000070b800000, 0x000000070b800000| Untracked 
| 103|0x000000070b900000, 0x000000070b900000, 0x000000070ba00000|  0%| F|  |TAMS 0x000000070b900000, 0x000000070b900000| Untracked 
| 104|0x000000070ba00000, 0x000000070ba00000, 0x000000070bb00000|  0%| F|  |TAMS 0x000000070ba00000, 0x000000070ba00000| Untracked 
| 105|0x000000070bb00000, 0x000000070bb00000, 0x000000070bc00000|  0%| F|  |TAMS 0x000000070bb00000, 0x000000070bb00000| Untracked 
| 106|0x000000070bc00000, 0x000000070bc00000, 0x000000070bd00000|  0%| F|  |TAMS 0x000000070bc00000, 0x000000070bc00000| Untracked 
| 107|0x000000070bd00000, 0x000000070bd00000, 0x000000070be00000|  0%| F|  |TAMS 0x000000070bd00000, 0x000000070bd00000| Untracked 
| 108|0x000000070be00000, 0x000000070be00000, 0x000000070bf00000|  0%| F|  |TAMS 0x000000070be00000, 0x000000070be00000| Untracked 
| 109|0x000000070bf00000, 0x000000070bf00000, 0x000000070c000000|  0%| F|  |TAMS 0x000000070bf00000, 0x000000070bf00000| Untracked 
| 110|0x000000070c000000, 0x000000070c000000, 0x000000070c100000|  0%| F|  |TAMS 0x000000070c000000, 0x000000070c000000| Untracked 
| 111|0x000000070c100000, 0x000000070c100000, 0x000000070c200000|  0%| F|  |TAMS 0x000000070c100000, 0x000000070c100000| Untracked 
| 112|0x000000070c200000, 0x000000070c200000, 0x000000070c300000|  0%| F|  |TAMS 0x000000070c200000, 0x000000070c200000| Untracked 
| 113|0x000000070c300000, 0x000000070c300000, 0x000000070c400000|  0%| F|  |TAMS 0x000000070c300000, 0x000000070c300000| Untracked 
| 114|0x000000070c400000, 0x000000070c400000, 0x000000070c500000|  0%| F|  |TAMS 0x000000070c400000, 0x000000070c400000| Untracked 
| 115|0x000000070c500000, 0x000000070c500000, 0x000000070c600000|  0%| F|  |TAMS 0x000000070c500000, 0x000000070c500000| Untracked 
| 116|0x000000070c600000, 0x000000070c600000, 0x000000070c700000|  0%| F|  |TAMS 0x000000070c600000, 0x000000070c600000| Untracked 
| 117|0x000000070c700000, 0x000000070c700000, 0x000000070c800000|  0%| F|  |TAMS 0x000000070c700000, 0x000000070c700000| Untracked 
| 118|0x000000070c800000, 0x000000070c800000, 0x000000070c900000|  0%| F|  |TAMS 0x000000070c800000, 0x000000070c800000| Untracked 
| 119|0x000000070c900000, 0x000000070c900000, 0x000000070ca00000|  0%| F|  |TAMS 0x000000070c900000, 0x000000070c900000| Untracked 
| 120|0x000000070ca00000, 0x000000070ca00000, 0x000000070cb00000|  0%| F|  |TAMS 0x000000070ca00000, 0x000000070ca00000| Untracked 
| 121|0x000000070cb00000, 0x000000070cb00000, 0x000000070cc00000|  0%| F|  |TAMS 0x000000070cb00000, 0x000000070cb00000| Untracked 
| 122|0x000000070cc00000, 0x000000070cc00000, 0x000000070cd00000|  0%| F|  |TAMS 0x000000070cc00000, 0x000000070cc00000| Untracked 
| 123|0x000000070cd00000, 0x000000070cd00000, 0x000000070ce00000|  0%| F|  |TAMS 0x000000070cd00000, 0x000000070cd00000| Untracked 
| 124|0x000000070ce00000, 0x000000070ce00000, 0x000000070cf00000|  0%| F|  |TAMS 0x000000070ce00000, 0x000000070ce00000| Untracked 
| 125|0x000000070cf00000, 0x000000070cf00000, 0x000000070d000000|  0%| F|  |TAMS 0x000000070cf00000, 0x000000070cf00000| Untracked 
| 126|0x000000070d000000, 0x000000070d000000, 0x000000070d100000|  0%| F|  |TAMS 0x000000070d000000, 0x000000070d000000| Untracked 
| 127|0x000000070d100000, 0x000000070d100000, 0x000000070d200000|  0%| F|  |TAMS 0x000000070d100000, 0x000000070d100000| Untracked 
| 128|0x000000070d200000, 0x000000070d200000, 0x000000070d300000|  0%| F|  |TAMS 0x000000070d200000, 0x000000070d200000| Untracked 
| 129|0x000000070d300000, 0x000000070d300000, 0x000000070d400000|  0%| F|  |TAMS 0x000000070d300000, 0x000000070d300000| Untracked 
| 130|0x000000070d400000, 0x000000070d400000, 0x000000070d500000|  0%| F|  |TAMS 0x000000070d400000, 0x000000070d400000| Untracked 
| 131|0x000000070d500000, 0x000000070d500000, 0x000000070d600000|  0%| F|  |TAMS 0x000000070d500000, 0x000000070d500000| Untracked 
| 132|0x000000070d600000, 0x000000070d600000, 0x000000070d700000|  0%| F|  |TAMS 0x000000070d600000, 0x000000070d600000| Untracked 
| 133|0x000000070d700000, 0x000000070d700000, 0x000000070d800000|  0%| F|  |TAMS 0x000000070d700000, 0x000000070d700000| Untracked 
| 134|0x000000070d800000, 0x000000070d800000, 0x000000070d900000|  0%| F|  |TAMS 0x000000070d800000, 0x000000070d800000| Untracked 
| 135|0x000000070d900000, 0x000000070d900000, 0x000000070da00000|  0%| F|  |TAMS 0x000000070d900000, 0x000000070d900000| Untracked 
| 136|0x000000070da00000, 0x000000070da00000, 0x000000070db00000|  0%| F|  |TAMS 0x000000070da00000, 0x000000070da00000| Untracked 
| 137|0x000000070db00000, 0x000000070db00000, 0x000000070dc00000|  0%| F|  |TAMS 0x000000070db00000, 0x000000070db00000| Untracked 
| 138|0x000000070dc00000, 0x000000070dc00000, 0x000000070dd00000|  0%| F|  |TAMS 0x000000070dc00000, 0x000000070dc00000| Untracked 
| 139|0x000000070dd00000, 0x000000070dd00000, 0x000000070de00000|  0%| F|  |TAMS 0x000000070dd00000, 0x000000070dd00000| Untracked 
| 140|0x000000070de00000, 0x000000070de00000, 0x000000070df00000|  0%| F|  |TAMS 0x000000070de00000, 0x000000070de00000| Untracked 
| 141|0x000000070df00000, 0x000000070df00000, 0x000000070e000000|  0%| F|  |TAMS 0x000000070df00000, 0x000000070df00000| Untracked 
| 142|0x000000070e000000, 0x000000070e000000, 0x000000070e100000|  0%| F|  |TAMS 0x000000070e000000, 0x000000070e000000| Untracked 
| 143|0x000000070e100000, 0x000000070e100000, 0x000000070e200000|  0%| F|  |TAMS 0x000000070e100000, 0x000000070e100000| Untracked 
| 144|0x000000070e200000, 0x000000070e200000, 0x000000070e300000|  0%| F|  |TAMS 0x000000070e200000, 0x000000070e200000| Untracked 
| 145|0x000000070e300000, 0x000000070e300000, 0x000000070e400000|  0%| F|  |TAMS 0x000000070e300000, 0x000000070e300000| Untracked 
| 146|0x000000070e400000, 0x000000070e400000, 0x000000070e500000|  0%| F|  |TAMS 0x000000070e400000, 0x000000070e400000| Untracked 
| 147|0x000000070e500000, 0x000000070e500000, 0x000000070e600000|  0%| F|  |TAMS 0x000000070e500000, 0x000000070e500000| Untracked 
| 148|0x000000070e600000, 0x000000070e600000, 0x000000070e700000|  0%| F|  |TAMS 0x000000070e600000, 0x000000070e600000| Untracked 
| 149|0x000000070e700000, 0x000000070e700000, 0x000000070e800000|  0%| F|  |TAMS 0x000000070e700000, 0x000000070e700000| Untracked 
| 150|0x000000070e800000, 0x000000070e800000, 0x000000070e900000|  0%| F|  |TAMS 0x000000070e800000, 0x000000070e800000| Untracked 
| 151|0x000000070e900000, 0x000000070e900000, 0x000000070ea00000|  0%| F|  |TAMS 0x000000070e900000, 0x000000070e900000| Untracked 
| 152|0x000000070ea00000, 0x000000070ea00000, 0x000000070eb00000|  0%| F|  |TAMS 0x000000070ea00000, 0x000000070ea00000| Untracked 
| 153|0x000000070eb00000, 0x000000070eb00000, 0x000000070ec00000|  0%| F|  |TAMS 0x000000070eb00000, 0x000000070eb00000| Untracked 
| 154|0x000000070ec00000, 0x000000070ec00000, 0x000000070ed00000|  0%| F|  |TAMS 0x000000070ec00000, 0x000000070ec00000| Untracked 
| 155|0x000000070ed00000, 0x000000070ed00000, 0x000000070ee00000|  0%| F|  |TAMS 0x000000070ed00000, 0x000000070ed00000| Untracked 
| 156|0x000000070ee00000, 0x000000070ee00000, 0x000000070ef00000|  0%| F|  |TAMS 0x000000070ee00000, 0x000000070ee00000| Untracked 
| 157|0x000000070ef00000, 0x000000070ef00000, 0x000000070f000000|  0%| F|  |TAMS 0x000000070ef00000, 0x000000070ef00000| Untracked 
| 158|0x000000070f000000, 0x000000070f000000, 0x000000070f100000|  0%| F|  |TAMS 0x000000070f000000, 0x000000070f000000| Untracked 
| 159|0x000000070f100000, 0x000000070f100000, 0x000000070f200000|  0%| F|  |TAMS 0x000000070f100000, 0x000000070f100000| Untracked 
| 160|0x000000070f200000, 0x000000070f200000, 0x000000070f300000|  0%| F|  |TAMS 0x000000070f200000, 0x000000070f200000| Untracked 
| 161|0x000000070f300000, 0x000000070f300000, 0x000000070f400000|  0%| F|  |TAMS 0x000000070f300000, 0x000000070f300000| Untracked 
| 162|0x000000070f400000, 0x000000070f400000, 0x000000070f500000|  0%| F|  |TAMS 0x000000070f400000, 0x000000070f400000| Untracked 
| 163|0x000000070f500000, 0x000000070f500000, 0x000000070f600000|  0%| F|  |TAMS 0x000000070f500000, 0x000000070f500000| Untracked 
| 164|0x000000070f600000, 0x000000070f600000, 0x000000070f700000|  0%| F|  |TAMS 0x000000070f600000, 0x000000070f600000| Untracked 
| 165|0x000000070f700000, 0x000000070f700000, 0x000000070f800000|  0%| F|  |TAMS 0x000000070f700000, 0x000000070f700000| Untracked 
| 166|0x000000070f800000, 0x000000070f800000, 0x000000070f900000|  0%| F|  |TAMS 0x000000070f800000, 0x000000070f800000| Untracked 
| 167|0x000000070f900000, 0x000000070f900000, 0x000000070fa00000|  0%| F|  |TAMS 0x000000070f900000, 0x000000070f900000| Untracked 
| 168|0x000000070fa00000, 0x000000070fa00000, 0x000000070fb00000|  0%| F|  |TAMS 0x000000070fa00000, 0x000000070fa00000| Untracked 
| 169|0x000000070fb00000, 0x000000070fb00000, 0x000000070fc00000|  0%| F|  |TAMS 0x000000070fb00000, 0x000000070fb00000| Untracked 
| 170|0x000000070fc00000, 0x000000070fc00000, 0x000000070fd00000|  0%| F|  |TAMS 0x000000070fc00000, 0x000000070fc00000| Untracked 
| 171|0x000000070fd00000, 0x000000070fd00000, 0x000000070fe00000|  0%| F|  |TAMS 0x000000070fd00000, 0x000000070fd00000| Untracked 
| 172|0x000000070fe00000, 0x000000070fe00000, 0x000000070ff00000|  0%| F|  |TAMS 0x000000070fe00000, 0x000000070fe00000| Untracked 
| 173|0x000000070ff00000, 0x000000070ff00000, 0x0000000710000000|  0%| F|  |TAMS 0x000000070ff00000, 0x000000070ff00000| Untracked 
| 174|0x0000000710000000, 0x0000000710000000, 0x0000000710100000|  0%| F|  |TAMS 0x0000000710000000, 0x0000000710000000| Untracked 
| 175|0x0000000710100000, 0x0000000710100000, 0x0000000710200000|  0%| F|  |TAMS 0x0000000710100000, 0x0000000710100000| Untracked 
| 176|0x0000000710200000, 0x0000000710200000, 0x0000000710300000|  0%| F|  |TAMS 0x0000000710200000, 0x0000000710200000| Untracked 
| 177|0x0000000710300000, 0x0000000710300000, 0x0000000710400000|  0%| F|  |TAMS 0x0000000710300000, 0x0000000710300000| Untracked 
| 178|0x0000000710400000, 0x0000000710400000, 0x0000000710500000|  0%| F|  |TAMS 0x0000000710400000, 0x0000000710400000| Untracked 
| 179|0x0000000710500000, 0x0000000710500000, 0x0000000710600000|  0%| F|  |TAMS 0x0000000710500000, 0x0000000710500000| Untracked 
| 180|0x0000000710600000, 0x0000000710600000, 0x0000000710700000|  0%| F|  |TAMS 0x0000000710600000, 0x0000000710600000| Untracked 
| 181|0x0000000710700000, 0x0000000710700000, 0x0000000710800000|  0%| F|  |TAMS 0x0000000710700000, 0x0000000710700000| Untracked 
| 182|0x0000000710800000, 0x0000000710800000, 0x0000000710900000|  0%| F|  |TAMS 0x0000000710800000, 0x0000000710800000| Untracked 
| 183|0x0000000710900000, 0x0000000710900000, 0x0000000710a00000|  0%| F|  |TAMS 0x0000000710900000, 0x0000000710900000| Untracked 
| 184|0x0000000710a00000, 0x0000000710a00000, 0x0000000710b00000|  0%| F|  |TAMS 0x0000000710a00000, 0x0000000710a00000| Untracked 
| 185|0x0000000710b00000, 0x0000000710b00000, 0x0000000710c00000|  0%| F|  |TAMS 0x0000000710b00000, 0x0000000710b00000| Untracked 
| 186|0x0000000710c00000, 0x0000000710c00000, 0x0000000710d00000|  0%| F|  |TAMS 0x0000000710c00000, 0x0000000710c00000| Untracked 
| 187|0x0000000710d00000, 0x0000000710d00000, 0x0000000710e00000|  0%| F|  |TAMS 0x0000000710d00000, 0x0000000710d00000| Untracked 
| 188|0x0000000710e00000, 0x0000000710e00000, 0x0000000710f00000|  0%| F|  |TAMS 0x0000000710e00000, 0x0000000710e00000| Untracked 
| 189|0x0000000710f00000, 0x0000000710f00000, 0x0000000711000000|  0%| F|  |TAMS 0x0000000710f00000, 0x0000000710f00000| Untracked 
| 190|0x0000000711000000, 0x0000000711000000, 0x0000000711100000|  0%| F|  |TAMS 0x0000000711000000, 0x0000000711000000| Untracked 
| 191|0x0000000711100000, 0x0000000711100000, 0x0000000711200000|  0%| F|  |TAMS 0x0000000711100000, 0x0000000711100000| Untracked 
| 192|0x0000000711200000, 0x0000000711200000, 0x0000000711300000|  0%| F|  |TAMS 0x0000000711200000, 0x0000000711200000| Untracked 
| 193|0x0000000711300000, 0x0000000711300000, 0x0000000711400000|  0%| F|  |TAMS 0x0000000711300000, 0x0000000711300000| Untracked 
| 194|0x0000000711400000, 0x0000000711400000, 0x0000000711500000|  0%| F|  |TAMS 0x0000000711400000, 0x0000000711400000| Untracked 
| 195|0x0000000711500000, 0x0000000711500000, 0x0000000711600000|  0%| F|  |TAMS 0x0000000711500000, 0x0000000711500000| Untracked 
| 196|0x0000000711600000, 0x0000000711600000, 0x0000000711700000|  0%| F|  |TAMS 0x0000000711600000, 0x0000000711600000| Untracked 
| 197|0x0000000711700000, 0x0000000711700000, 0x0000000711800000|  0%| F|  |TAMS 0x0000000711700000, 0x0000000711700000| Untracked 
| 198|0x0000000711800000, 0x0000000711800000, 0x0000000711900000|  0%| F|  |TAMS 0x0000000711800000, 0x0000000711800000| Untracked 
| 199|0x0000000711900000, 0x0000000711900000, 0x0000000711a00000|  0%| F|  |TAMS 0x0000000711900000, 0x0000000711900000| Untracked 
| 200|0x0000000711a00000, 0x0000000711a00000, 0x0000000711b00000|  0%| F|  |TAMS 0x0000000711a00000, 0x0000000711a00000| Untracked 
| 201|0x0000000711b00000, 0x0000000711b00000, 0x0000000711c00000|  0%| F|  |TAMS 0x0000000711b00000, 0x0000000711b00000| Untracked 
| 202|0x0000000711c00000, 0x0000000711c00000, 0x0000000711d00000|  0%| F|  |TAMS 0x0000000711c00000, 0x0000000711c00000| Untracked 
| 203|0x0000000711d00000, 0x0000000711d00000, 0x0000000711e00000|  0%| F|  |TAMS 0x0000000711d00000, 0x0000000711d00000| Untracked 
| 204|0x0000000711e00000, 0x0000000711e00000, 0x0000000711f00000|  0%| F|  |TAMS 0x0000000711e00000, 0x0000000711e00000| Untracked 
| 205|0x0000000711f00000, 0x0000000711f00000, 0x0000000712000000|  0%| F|  |TAMS 0x0000000711f00000, 0x0000000711f00000| Untracked 
| 206|0x0000000712000000, 0x0000000712000000, 0x0000000712100000|  0%| F|  |TAMS 0x0000000712000000, 0x0000000712000000| Untracked 
| 207|0x0000000712100000, 0x0000000712100000, 0x0000000712200000|  0%| F|  |TAMS 0x0000000712100000, 0x0000000712100000| Untracked 
| 208|0x0000000712200000, 0x0000000712200000, 0x0000000712300000|  0%| F|  |TAMS 0x0000000712200000, 0x0000000712200000| Untracked 
| 209|0x0000000712300000, 0x0000000712300000, 0x0000000712400000|  0%| F|  |TAMS 0x0000000712300000, 0x0000000712300000| Untracked 
| 210|0x0000000712400000, 0x0000000712400000, 0x0000000712500000|  0%| F|  |TAMS 0x0000000712400000, 0x0000000712400000| Untracked 
| 211|0x0000000712500000, 0x0000000712500000, 0x0000000712600000|  0%| F|  |TAMS 0x0000000712500000, 0x0000000712500000| Untracked 
| 212|0x0000000712600000, 0x0000000712600000, 0x0000000712700000|  0%| F|  |TAMS 0x0000000712600000, 0x0000000712600000| Untracked 
| 213|0x0000000712700000, 0x0000000712800000, 0x0000000712800000|100%| S|CS|TAMS 0x0000000712700000, 0x0000000712700000| Complete 
| 214|0x0000000712800000, 0x0000000712900000, 0x0000000712900000|100%| S|CS|TAMS 0x0000000712800000, 0x0000000712800000| Complete 
| 215|0x0000000712900000, 0x0000000712a00000, 0x0000000712a00000|100%| S|CS|TAMS 0x0000000712900000, 0x0000000712900000| Complete 
| 216|0x0000000712a00000, 0x0000000712b00000, 0x0000000712b00000|100%| S|CS|TAMS 0x0000000712a00000, 0x0000000712a00000| Complete 
| 217|0x0000000712b00000, 0x0000000712c00000, 0x0000000712c00000|100%| S|CS|TAMS 0x0000000712b00000, 0x0000000712b00000| Complete 
| 218|0x0000000712c00000, 0x0000000712c00000, 0x0000000712d00000|  0%| F|  |TAMS 0x0000000712c00000, 0x0000000712c00000| Untracked 
| 219|0x0000000712d00000, 0x0000000712d00000, 0x0000000712e00000|  0%| F|  |TAMS 0x0000000712d00000, 0x0000000712d00000| Untracked 
| 220|0x0000000712e00000, 0x0000000712e00000, 0x0000000712f00000|  0%| F|  |TAMS 0x0000000712e00000, 0x0000000712e00000| Untracked 
| 221|0x0000000712f00000, 0x0000000712f00000, 0x0000000713000000|  0%| F|  |TAMS 0x0000000712f00000, 0x0000000712f00000| Untracked 
| 222|0x0000000713000000, 0x0000000713000000, 0x0000000713100000|  0%| F|  |TAMS 0x0000000713000000, 0x0000000713000000| Untracked 
| 223|0x0000000713100000, 0x0000000713100000, 0x0000000713200000|  0%| F|  |TAMS 0x0000000713100000, 0x0000000713100000| Untracked 
| 224|0x0000000713200000, 0x0000000713200000, 0x0000000713300000|  0%| F|  |TAMS 0x0000000713200000, 0x0000000713200000| Untracked 
| 225|0x0000000713300000, 0x0000000713300000, 0x0000000713400000|  0%| F|  |TAMS 0x0000000713300000, 0x0000000713300000| Untracked 
| 226|0x0000000713400000, 0x0000000713400000, 0x0000000713500000|  0%| F|  |TAMS 0x0000000713400000, 0x0000000713400000| Untracked 
| 227|0x0000000713500000, 0x0000000713500000, 0x0000000713600000|  0%| F|  |TAMS 0x0000000713500000, 0x0000000713500000| Untracked 
| 228|0x0000000713600000, 0x0000000713600000, 0x0000000713700000|  0%| F|  |TAMS 0x0000000713600000, 0x0000000713600000| Untracked 
| 229|0x0000000713700000, 0x0000000713700000, 0x0000000713800000|  0%| F|  |TAMS 0x0000000713700000, 0x0000000713700000| Untracked 
| 230|0x0000000713800000, 0x0000000713800000, 0x0000000713900000|  0%| F|  |TAMS 0x0000000713800000, 0x0000000713800000| Untracked 
| 231|0x0000000713900000, 0x0000000713900000, 0x0000000713a00000|  0%| F|  |TAMS 0x0000000713900000, 0x0000000713900000| Untracked 
| 232|0x0000000713a00000, 0x0000000713a00000, 0x0000000713b00000|  0%| F|  |TAMS 0x0000000713a00000, 0x0000000713a00000| Untracked 
| 233|0x0000000713b00000, 0x0000000713b00000, 0x0000000713c00000|  0%| F|  |TAMS 0x0000000713b00000, 0x0000000713b00000| Untracked 
| 234|0x0000000713c00000, 0x0000000713c00000, 0x0000000713d00000|  0%| F|  |TAMS 0x0000000713c00000, 0x0000000713c00000| Untracked 
| 235|0x0000000713d00000, 0x0000000713d00000, 0x0000000713e00000|  0%| F|  |TAMS 0x0000000713d00000, 0x0000000713d00000| Untracked 
| 236|0x0000000713e00000, 0x0000000713e00000, 0x0000000713f00000|  0%| F|  |TAMS 0x0000000713e00000, 0x0000000713e00000| Untracked 
| 237|0x0000000713f00000, 0x0000000713f00000, 0x0000000714000000|  0%| F|  |TAMS 0x0000000713f00000, 0x0000000713f00000| Untracked 
| 238|0x0000000714000000, 0x0000000714000000, 0x0000000714100000|  0%| F|  |TAMS 0x0000000714000000, 0x0000000714000000| Untracked 
| 239|0x0000000714100000, 0x0000000714100000, 0x0000000714200000|  0%| F|  |TAMS 0x0000000714100000, 0x0000000714100000| Untracked 
| 240|0x0000000714200000, 0x0000000714200000, 0x0000000714300000|  0%| F|  |TAMS 0x0000000714200000, 0x0000000714200000| Untracked 
| 241|0x0000000714300000, 0x00000007143a99c0, 0x0000000714400000| 66%| E|  |TAMS 0x0000000714300000, 0x0000000714300000| Complete 
| 242|0x0000000714400000, 0x0000000714500000, 0x0000000714500000|100%| E|CS|TAMS 0x0000000714400000, 0x0000000714400000| Complete 
| 243|0x0000000714500000, 0x0000000714600000, 0x0000000714600000|100%| E|CS|TAMS 0x0000000714500000, 0x0000000714500000| Complete 
| 244|0x0000000714600000, 0x0000000714700000, 0x0000000714700000|100%| E|CS|TAMS 0x0000000714600000, 0x0000000714600000| Complete 
| 245|0x0000000714700000, 0x0000000714800000, 0x0000000714800000|100%| E|CS|TAMS 0x0000000714700000, 0x0000000714700000| Complete 
| 246|0x0000000714800000, 0x0000000714900000, 0x0000000714900000|100%| E|CS|TAMS 0x0000000714800000, 0x0000000714800000| Complete 
| 247|0x0000000714900000, 0x0000000714a00000, 0x0000000714a00000|100%| E|CS|TAMS 0x0000000714900000, 0x0000000714900000| Complete 
| 248|0x0000000714a00000, 0x0000000714b00000, 0x0000000714b00000|100%| E|CS|TAMS 0x0000000714a00000, 0x0000000714a00000| Complete 
| 249|0x0000000714b00000, 0x0000000714c00000, 0x0000000714c00000|100%| E|CS|TAMS 0x0000000714b00000, 0x0000000714b00000| Complete 
| 250|0x0000000714c00000, 0x0000000714d00000, 0x0000000714d00000|100%| E|CS|TAMS 0x0000000714c00000, 0x0000000714c00000| Complete 
| 251|0x0000000714d00000, 0x0000000714e00000, 0x0000000714e00000|100%| E|CS|TAMS 0x0000000714d00000, 0x0000000714d00000| Complete 

Card table byte_map: [0x000002e57dc70000,0x000002e57e450000] _byte_map_base: 0x000002e57a447000

Marking Bits (Prev, Next): (CMBitMap*) 0x000002e57c97ea20, (CMBitMap*) 0x000002e57c97e9e8
 Prev Bits: [0x000002e51b520000, 0x000002e51f3d8000)
 Next Bits: [0x000002e517660000, 0x000002e51b518000)

Polling page: 0x000002e57a840000

Metaspace:

Usage:
  Non-class:     21.85 MB capacity,    21.58 MB ( 99%) used,   232.09 KB (  1%) free+waste,    39.19 KB ( <1%) overhead. 
      Class:      2.55 MB capacity,     2.44 MB ( 96%) used,    93.84 KB (  4%) free+waste,    16.63 KB ( <1%) overhead. 
       Both:     24.40 MB capacity,    24.03 MB ( 98%) used,   325.94 KB (  1%) free+waste,    55.81 KB ( <1%) overhead. 

Virtual space:
  Non-class space:       22.00 MB reserved,      21.92 MB (>99%) committed 
      Class space:        1.00 GB reserved,       2.63 MB ( <1%) committed 
             Both:        1.02 GB reserved,      24.55 MB (  2%) committed 

Chunk freelists:
   Non-Class:  10.00 KB
       Class:  10.00 KB
        Both:  20.00 KB

MaxMetaspaceSize: 17179869184.00 GB
CompressedClassSpaceSize: 1.00 GB
Initial GC threshold: 20.80 MB
Current GC threshold: 35.08 MB
CDS: off

CodeHeap 'non-profiled nmethods': size=119168Kb used=1029Kb max_used=1029Kb free=118138Kb
 bounds [0x000002e510200000, 0x000002e510470000, 0x000002e517660000]
CodeHeap 'profiled nmethods': size=119168Kb used=5618Kb max_used=5618Kb free=113549Kb
 bounds [0x000002e508da0000, 0x000002e509320000, 0x000002e510200000]
CodeHeap 'non-nmethods': size=7424Kb used=2899Kb max_used=2932Kb free=4524Kb
 bounds [0x000002e508660000, 0x000002e508940000, 0x000002e508da0000]
 total_blobs=3097 nmethods=2617 adapters=389
 compilation: enabled
              stopped_count=0, restarted_count=0
 full_count=0

Compilation events (20 events):
Event: 3.975 Thread 0x000002e52265d800 nmethod 2605 0x000002e50930c610 code [0x000002e50930c820, 0x000002e50930cd88]
Event: 3.975 Thread 0x000002e52265d800 2608       3       com.sun.crypto.provider.GaloisCounterMode::expandToOneBlock (65 bytes)
Event: 3.975 Thread 0x000002e52265c000 nmethod 2604 0x000002e50930cf90 code [0x000002e50930d240, 0x000002e50930e268]
Event: 3.975 Thread 0x000002e52265c000 2613       3       sun.security.jca.ProviderList::getService (120 bytes)
Event: 3.975 Thread 0x000002e521f06800 nmethod 2607 0x000002e50930e790 code [0x000002e50930e980, 0x000002e50930edb8]
Event: 3.975 Thread 0x000002e521f06800 2609       3       com.sun.crypto.provider.GHASH::update (9 bytes)
Event: 3.975 Thread 0x000002e52203a800 nmethod 2606 0x000002e50930ef90 code [0x000002e50930f1e0, 0x000002e50930f8c8]
Event: 3.976 Thread 0x000002e52203a800 2610       3       java.security.MessageDigest$Delegate::<init> (11 bytes)
Event: 3.976 Thread 0x000002e521f06800 nmethod 2609 0x000002e50930fb90 code [0x000002e50930fd40, 0x000002e50930fe88]
Event: 3.976 Thread 0x000002e52203a800 nmethod 2610 0x000002e50930ff90 code [0x000002e509310160, 0x000002e509310458]
Event: 3.976 Thread 0x000002e52203a800 2611       3       java.security.MessageDigest::<init> (15 bytes)
Event: 3.976 Thread 0x000002e521f06800 2614       3       sun.security.provider.DigestBase::<init> (27 bytes)
Event: 3.976 Thread 0x000002e52203a800 nmethod 2611 0x000002e509310590 code [0x000002e509310740, 0x000002e509310978]
Event: 3.976 Thread 0x000002e521f06800 nmethod 2614 0x000002e509310a90 code [0x000002e509310c60, 0x000002e509310f98]
Event: 3.976 Thread 0x000002e52203a800 2615       3       jdk.internal.reflect.ClassFileAssembler::emitConstantPoolNameAndType (28 bytes)
Event: 3.976 Thread 0x000002e521f06800 2612   !   3       sun.security.jca.GetInstance::getInstance (130 bytes)
Event: 3.976 Thread 0x000002e52265d800 nmethod 2608 0x000002e509311090 code [0x000002e509311320, 0x000002e509311e58]
Event: 3.977 Thread 0x000002e52203a800 nmethod 2615 0x000002e509312210 code [0x000002e509312460, 0x000002e509312b48]
Event: 3.977 Thread 0x000002e52265c000 nmethod 2613 0x000002e509312f10 code [0x000002e5093131c0, 0x000002e509314048]
Event: 3.978 Thread 0x000002e521f06800 nmethod 2612 0x000002e509314610 code [0x000002e509314a00, 0x000002e5093166a8]

GC Heap History (6 events):
Event: 0.795 GC heap before
{Heap before GC invocations=0 (full 0):
 garbage-first heap   total 258048K, used 24576K [0x0000000705200000, 0x0000000800000000)
  region size 1024K, 24 young (24576K), 0 survivors (0K)
 Metaspace       used 15633K, capacity 15915K, committed 16000K, reserved 1062912K
  class space    used 1471K, capacity 1624K, committed 1664K, reserved 1048576K
}
Event: 0.807 GC heap after
{Heap after GC invocations=1 (full 0):
 garbage-first heap   total 258048K, used 4177K [0x0000000705200000, 0x0000000800000000)
  region size 1024K, 3 young (3072K), 3 survivors (3072K)
 Metaspace       used 15633K, capacity 15915K, committed 16000K, reserved 1062912K
  class space    used 1471K, capacity 1624K, committed 1664K, reserved 1048576K
}
Event: 1.458 GC heap before
{Heap before GC invocations=1 (full 0):
 garbage-first heap   total 258048K, used 17489K [0x0000000705200000, 0x0000000800000000)
  region size 1024K, 17 young (17408K), 3 survivors (3072K)
 Metaspace       used 20893K, capacity 21218K, committed 21296K, reserved 1069056K
  class space    used 2027K, capacity 2170K, committed 2176K, reserved 1048576K
}
Event: 1.461 GC heap after
{Heap after GC invocations=2 (full 0):
 garbage-first heap   total 258048K, used 6289K [0x0000000705200000, 0x0000000800000000)
  region size 1024K, 6 young (6144K), 6 survivors (6144K)
 Metaspace       used 20893K, capacity 21218K, committed 21296K, reserved 1069056K
  class space    used 2027K, capacity 2170K, committed 2176K, reserved 1048576K
}
Event: 1.846 GC heap before
{Heap before GC invocations=3 (full 0):
 garbage-first heap   total 258048K, used 34961K [0x0000000705200000, 0x0000000800000000)
  region size 1024K, 34 young (34816K), 6 survivors (6144K)
 Metaspace       used 24506K, capacity 24912K, committed 25136K, reserved 1071104K
  class space    used 2501K, capacity 2612K, committed 2688K, reserved 1048576K
}
Event: 1.858 GC heap after
{Heap after GC invocations=4 (full 0):
 garbage-first heap   total 258048K, used 9437K [0x0000000705200000, 0x0000000800000000)
  region size 1024K, 5 young (5120K), 5 survivors (5120K)
 Metaspace       used 24506K, capacity 24912K, committed 25136K, reserved 1071104K
  class space    used 2501K, capacity 2612K, committed 2688K, reserved 1048576K
}

Deoptimization events (20 events):
Event: 1.899 Thread 0x000002e523308000 DEOPT PACKING pc=0x000002e5091b138e sp=0x000000ef860fd830
Event: 1.899 Thread 0x000002e523308000 DEOPT UNPACKING pc=0x000002e5086aa95e sp=0x000000ef860fcc60 mode 0
Event: 1.900 Thread 0x000002e523308000 DEOPT PACKING pc=0x000002e5091b135b sp=0x000000ef860fd830
Event: 1.900 Thread 0x000002e523308000 DEOPT UNPACKING pc=0x000002e5086aa95e sp=0x000000ef860fcc60 mode 0
Event: 1.954 Thread 0x000002e523308000 DEOPT PACKING pc=0x000002e5092c5860 sp=0x000000ef860fdca0
Event: 1.954 Thread 0x000002e523308000 DEOPT UNPACKING pc=0x000002e5086aa95e sp=0x000000ef860fd138 mode 0
Event: 3.763 Thread 0x000002e523291000 DEOPT PACKING pc=0x000002e509204412 sp=0x000000ef85efe0b0
Event: 3.764 Thread 0x000002e523291000 DEOPT UNPACKING pc=0x000002e5086aa95e sp=0x000000ef85efd548 mode 0
Event: 3.765 Thread 0x000002e523291000 DEOPT PACKING pc=0x000002e509204412 sp=0x000000ef85efe080
Event: 3.765 Thread 0x000002e523291000 DEOPT UNPACKING pc=0x000002e5086aa95e sp=0x000000ef85efd518 mode 0
Event: 3.945 Thread 0x000002e5234b6800 Uncommon trap: trap_request=0xffffffcc fr.pc=0x000002e5102ededc relative=0x00000000000055dc
Event: 3.945 Thread 0x000002e5234b6800 Uncommon trap: reason=intrinsic_or_type_checked_inlining action=make_not_entrant pc=0x000002e5102ededc method=java.util.ArrayList$SubList.toArray([Ljava/lang/Object;)[Ljava/lang/Object; @ 58 c2
Event: 3.945 Thread 0x000002e5234b6800 DEOPT PACKING pc=0x000002e5102ededc sp=0x000000ef85cfd500
Event: 3.945 Thread 0x000002e5234b6800 DEOPT UNPACKING pc=0x000002e5086aa1af sp=0x000000ef85cfd370 mode 2
Event: 3.945 Thread 0x000002e5234b6800 Uncommon trap: trap_request=0xffffffcc fr.pc=0x000002e5102e142c relative=0x0000000000002bec
Event: 3.945 Thread 0x000002e5234b6800 Uncommon trap: reason=intrinsic_or_type_checked_inlining action=make_not_entrant pc=0x000002e5102e142c method=java.util.ArrayList$SubList.toArray([Ljava/lang/Object;)[Ljava/lang/Object; @ 58 c2
Event: 3.945 Thread 0x000002e5234b6800 DEOPT PACKING pc=0x000002e5102e142c sp=0x000000ef85cfd3e0
Event: 3.945 Thread 0x000002e5234b6800 DEOPT UNPACKING pc=0x000002e5086aa1af sp=0x000000ef85cfd350 mode 2
Event: 3.962 Thread 0x000002e523307000 DEOPT PACKING pc=0x000002e509159512 sp=0x000000ef85ffe400
Event: 3.962 Thread 0x000002e523307000 DEOPT UNPACKING pc=0x000002e5086aa95e sp=0x000000ef85ffd838 mode 0

Classes redefined (0 events):
No events

Internal exceptions (20 events):
Event: 0.764 Thread 0x000002e57c91c800 Exception <a 'java/lang/NoSuchMethodError'{0x0000000713621a98}: 'java.lang.Object java.lang.invoke.DirectMethodHandle$Holder.invokeStaticInit(java.lang.Object, int, int, int, int)'> (0x0000000713621a98) thrown at [./src/hotspot/share/interpreter/linkResolver.cpp, line 773]
Event: 0.765 Thread 0x000002e57c91c800 Exception <a 'sun/nio/fs/WindowsException'{0x0000000713628090}> (0x0000000713628090) thrown at [./src/hotspot/share/prims/jni.cpp, line 616]
Event: 0.773 Thread 0x000002e57c91c800 Exception <a 'java/lang/NoSuchMethodError'{0x0000000713646d08}: 'int java.lang.invoke.DirectMethodHandle$Holder.invokeStaticInit(java.lang.Object, java.lang.Object, java.lang.Object, java.lang.Object)'> (0x0000000713646d08) thrown at [./src/hotspot/share/interpreter/linkResolver.cpp, line 773]
Event: 0.773 Thread 0x000002e57c91c800 Exception <a 'java/lang/IncompatibleClassChangeError'{0x000000071364ff78}: Found class java.lang.Object, but interface was expected> (0x000000071364ff78) thrown at [./src/hotspot/share/interpreter/linkResolver.cpp, line 839]
Event: 0.774 Thread 0x000002e57c91c800 Exception <a 'java/lang/NoSuchMethodError'{0x0000000713652d28}: 'void java.lang.invoke.DirectMethodHandle$Holder.invokeStaticInit(java.lang.Object, java.lang.Object)'> (0x0000000713652d28) thrown at [./src/hotspot/share/interpreter/linkResolver.cpp, line 773]
Event: 0.774 Thread 0x000002e57c91c800 Exception <a 'java/lang/NoSuchMethodError'{0x0000000713658198}: 'int java.lang.invoke.DirectMethodHandle$Holder.invokeStaticInit(java.lang.Object, java.lang.Object)'> (0x0000000713658198) thrown at [./src/hotspot/share/interpreter/linkResolver.cpp, line 773]
Event: 1.092 Thread 0x000002e57c91c800 Exception <a 'java/lang/NoSuchMethodError'{0x00000007146d6830}: 'java.lang.Object java.lang.invoke.DirectMethodHandle$Holder.invokeStaticInit(java.lang.Object, java.lang.Object, int, int, int, int)'> (0x00000007146d6830) thrown at [./src/hotspot/share/interpreter/linkResolver.cpp, line 773]
Event: 1.600 Thread 0x000002e57c91c800 Exception <a 'java/lang/NoSuchMethodError'{0x0000000714dfdb78}: 'java.lang.Object java.lang.invoke.DirectMethodHandle$Holder.invokeStaticInit(java.lang.Object, int)'> (0x0000000714dfdb78) thrown at [./src/hotspot/share/interpreter/linkResolver.cpp, line 773]
Event: 1.649 Thread 0x000002e57c91c800 Exception <a 'java/lang/NullPointerException'{0x00000007149c8638}> (0x00000007149c8638) thrown at [./src/hotspot/share/interpreter/linkResolver.cpp, line 1440]
Event: 1.671 Thread 0x000002e57c91c800 Implicit null exception at 0x000002e510263578 to 0x000002e51026360a
Event: 1.750 Thread 0x000002e57c91c800 Exception <a 'java/lang/NoSuchMethodError'{0x000000071402f808}: 'int java.lang.invoke.DirectMethodHandle$Holder.invokeStatic(java.lang.Object, java.lang.Object, int, java.lang.Object)'> (0x000000071402f808) thrown at [./src/hotspot/share/interpreter/linkResolver.cpp, line 773]
Event: 1.750 Thread 0x000002e57c91c800 Exception <a 'java/lang/NoSuchMethodError'{0x0000000714036378}: 'java.lang.Object java.lang.invoke.Invokers$Holder.linkToTargetMethod(java.lang.Object, int, java.lang.Object)'> (0x0000000714036378) thrown at [./src/hotspot/share/interpreter/linkResolver.cpp, line 773]
Event: 1.762 Thread 0x000002e57c91c800 Exception <a 'sun/nio/fs/WindowsException'{0x0000000714095750}> (0x0000000714095750) thrown at [./src/hotspot/share/prims/jni.cpp, line 616]
Event: 1.763 Thread 0x000002e57c91c800 Exception <a 'java/lang/NoSuchMethodError'{0x0000000714096488}: 'int java.lang.invoke.DirectMethodHandle$Holder.invokeInterface(java.lang.Object, java.lang.Object)'> (0x0000000714096488) thrown at [./src/hotspot/share/interpreter/linkResolver.cpp, line 773]
Event: 1.764 Thread 0x000002e57c91c800 Exception <a 'java/lang/NoSuchMethodError'{0x000000071409fa88}: 'void java.lang.invoke.DirectMethodHandle$Holder.invokeStatic(java.lang.Object, int, java.lang.Object)'> (0x000000071409fa88) thrown at [./src/hotspot/share/interpreter/linkResolver.cpp, line 773]
Event: 1.769 Thread 0x000002e57c91c800 Exception <a 'java/lang/NoSuchMethodError'{0x00000007140b16a8}: 'java.lang.Object java.lang.invoke.Invokers$Holder.linkToTargetMethod(java.lang.Object, java.lang.Object, java.lang.Object, java.lang.Object, java.lang.Object, java.lang.Object)'> (0x00000007140b16a8) thrown at [./src/hotspot/share/interpreter/linkResolver.cpp, line 773]
Event: 1.771 Thread 0x000002e523308000 Exception <a 'sun/nio/fs/WindowsException'{0x000000071394a1d0}> (0x000000071394a1d0) thrown at [./src/hotspot/share/prims/jni.cpp, line 616]
Event: 1.771 Thread 0x000002e523308000 Exception <a 'sun/nio/fs/WindowsException'{0x000000071394a490}> (0x000000071394a490) thrown at [./src/hotspot/share/prims/jni.cpp, line 616]
Event: 1.772 Thread 0x000002e523308000 Exception <a 'sun/nio/fs/WindowsException'{0x000000071394acb8}> (0x000000071394acb8) thrown at [./src/hotspot/share/prims/jni.cpp, line 616]
Event: 1.772 Thread 0x000002e523308000 Exception <a 'sun/nio/fs/WindowsException'{0x000000071394b1a0}> (0x000000071394b1a0) thrown at [./src/hotspot/share/prims/jni.cpp, line 616]

Events (20 events):
Event: 3.960 Executing VM operation: RevokeBias done
Event: 3.960 Executing VM operation: RevokeBias
Event: 3.960 Executing VM operation: RevokeBias done
Event: 3.960 Executing VM operation: RevokeBias
Event: 3.960 Executing VM operation: RevokeBias done
Event: 3.960 Executing VM operation: RevokeBias
Event: 3.960 Executing VM operation: RevokeBias done
Event: 3.960 Executing VM operation: RevokeBias
Event: 3.960 Executing VM operation: RevokeBias done
Event: 3.960 Executing VM operation: BulkRevokeBias
Event: 3.961 Executing VM operation: BulkRevokeBias done
Event: 3.961 Thread 0x000002e521f0c000 Thread added: 0x000002e521f0c000
Event: 3.964 Thread 0x000002e523325800 Thread added: 0x000002e523325800
Event: 3.965 Executing VM operation: RevokeBias
Event: 3.965 Executing VM operation: RevokeBias done
Event: 3.965 Thread 0x000002e523325800 Thread exited: 0x000002e523325800
Event: 3.975 Thread 0x000002e523325800 Thread added: 0x000002e523325800
Event: 3.976 Executing VM operation: RevokeBias
Event: 3.976 Executing VM operation: RevokeBias done
Event: 3.976 Thread 0x000002e523325800 Thread exited: 0x000002e523325800


Dynamic libraries:
0x00007ff6c5bb0000 - 0x00007ff6c5bbd000 	C:\Program Files\Unity\Hub\Editor\2022.3.19f1\Editor\Data\PlaybackEngines\AndroidPlayer\OpenJDK\bin\java.exe
0x00007fff507d0000 - 0x00007fff509e6000 	C:\WINDOWS\SYSTEM32\ntdll.dll
0x00007fff4ecf0000 - 0x00007fff4edb4000 	C:\WINDOWS\System32\KERNEL32.DLL
0x00007fff4de10000 - 0x00007fff4e1b6000 	C:\WINDOWS\System32\KERNELBASE.dll
0x00007fff4e360000 - 0x00007fff4e471000 	C:\WINDOWS\System32\ucrtbase.dll
0x00007fff2f520000 - 0x00007fff2f537000 	C:\Program Files\Unity\Hub\Editor\2022.3.19f1\Editor\Data\PlaybackEngines\AndroidPlayer\OpenJDK\bin\jli.dll
0x00007fff2f500000 - 0x00007fff2f515000 	C:\Program Files\Unity\Hub\Editor\2022.3.19f1\Editor\Data\PlaybackEngines\AndroidPlayer\OpenJDK\bin\VCRUNTIME140.dll
0x00007fff4f6c0000 - 0x00007fff4f86d000 	C:\WINDOWS\System32\USER32.dll
0x00007fff4e4f0000 - 0x00007fff4e516000 	C:\WINDOWS\System32\win32u.dll
0x00007fff30bb0000 - 0x00007fff30e43000 	C:\WINDOWS\WinSxS\amd64_microsoft.windows.common-controls_6595b64144ccf1df_6.0.22621.3235_none_270f74e173860f98\COMCTL32.dll
0x00007fff501c0000 - 0x00007fff501e9000 	C:\WINDOWS\System32\GDI32.dll
0x00007fff4e240000 - 0x00007fff4e358000 	C:\WINDOWS\System32\gdi32full.dll
0x00007fff4edc0000 - 0x00007fff4ee67000 	C:\WINDOWS\System32\msvcrt.dll
0x00007fff4db40000 - 0x00007fff4dbda000 	C:\WINDOWS\System32\msvcp_win.dll
0x00007fff4e7a0000 - 0x00007fff4e7d1000 	C:\WINDOWS\System32\IMM32.DLL
0x00007ffe9aa40000 - 0x00007ffe9aadb000 	C:\Program Files\Unity\Hub\Editor\2022.3.19f1\Editor\Data\PlaybackEngines\AndroidPlayer\OpenJDK\bin\msvcp140.dll
0x00007ffe247a0000 - 0x00007ffe25321000 	C:\Program Files\Unity\Hub\Editor\2022.3.19f1\Editor\Data\PlaybackEngines\AndroidPlayer\OpenJDK\bin\server\jvm.dll
0x00007fff4e6e0000 - 0x00007fff4e792000 	C:\WINDOWS\System32\ADVAPI32.dll
0x00007fff4f2f0000 - 0x00007fff4f398000 	C:\WINDOWS\System32\sechost.dll
0x00007fff4db10000 - 0x00007fff4db38000 	C:\WINDOWS\System32\bcrypt.dll
0x00007fff501f0000 - 0x00007fff50305000 	C:\WINDOWS\System32\RPCRT4.dll
0x00007fff4f950000 - 0x00007fff4f958000 	C:\WINDOWS\System32\PSAPI.DLL
0x00007fff46780000 - 0x00007fff4678a000 	C:\WINDOWS\SYSTEM32\VERSION.dll
0x00007fff46ab0000 - 0x00007fff46ae4000 	C:\WINDOWS\SYSTEM32\WINMM.dll
0x00007fff1d1a0000 - 0x00007fff1d1a9000 	C:\WINDOWS\SYSTEM32\WSOCK32.dll
0x00007fff4f8d0000 - 0x00007fff4f941000 	C:\WINDOWS\System32\WS2_32.dll
0x00007fff4cc00000 - 0x00007fff4cc18000 	C:\WINDOWS\SYSTEM32\kernel.appcore.dll
0x00007fff46940000 - 0x00007fff46950000 	C:\Program Files\Unity\Hub\Editor\2022.3.19f1\Editor\Data\PlaybackEngines\AndroidPlayer\OpenJDK\bin\verify.dll
0x00007fff4b310000 - 0x00007fff4b543000 	C:\WINDOWS\SYSTEM32\DBGHELP.DLL
0x00007fff503f0000 - 0x00007fff50778000 	C:\WINDOWS\System32\combase.dll
0x00007fff4ebb0000 - 0x00007fff4ec87000 	C:\WINDOWS\System32\OLEAUT32.dll
0x00007fff44500000 - 0x00007fff44532000 	C:\WINDOWS\SYSTEM32\dbgcore.DLL
0x00007fff4e1c0000 - 0x00007fff4e23a000 	C:\WINDOWS\System32\bcryptPrimitives.dll
0x00007ffee7c60000 - 0x00007ffee7c88000 	C:\Program Files\Unity\Hub\Editor\2022.3.19f1\Editor\Data\PlaybackEngines\AndroidPlayer\OpenJDK\bin\java.dll
0x00007fff46050000 - 0x00007fff4605a000 	C:\Program Files\Unity\Hub\Editor\2022.3.19f1\Editor\Data\PlaybackEngines\AndroidPlayer\OpenJDK\bin\jimage.dll
0x00007fff13460000 - 0x00007fff13478000 	C:\Program Files\Unity\Hub\Editor\2022.3.19f1\Editor\Data\PlaybackEngines\AndroidPlayer\OpenJDK\bin\zip.dll
0x00007fff4f960000 - 0x00007fff501bd000 	C:\WINDOWS\System32\SHELL32.dll
0x00007fff4ba30000 - 0x00007fff4c328000 	C:\WINDOWS\SYSTEM32\windows.storage.dll
0x00007fff4b8f0000 - 0x00007fff4ba2e000 	C:\WINDOWS\SYSTEM32\wintypes.dll
0x00007fff4ea20000 - 0x00007fff4eb13000 	C:\WINDOWS\System32\SHCORE.dll
0x00007fff4e8c0000 - 0x00007fff4e91e000 	C:\WINDOWS\System32\shlwapi.dll
0x00007fff4da40000 - 0x00007fff4da66000 	C:\WINDOWS\SYSTEM32\profapi.dll
0x00007ffefd1f0000 - 0x00007ffefd209000 	C:\Program Files\Unity\Hub\Editor\2022.3.19f1\Editor\Data\PlaybackEngines\AndroidPlayer\OpenJDK\bin\net.dll
0x00007fff48150000 - 0x00007fff48287000 	C:\WINDOWS\SYSTEM32\WINHTTP.dll
0x00007fff4d070000 - 0x00007fff4d0d9000 	C:\WINDOWS\system32\mswsock.dll
0x00007ffea3610000 - 0x00007ffea3623000 	C:\Program Files\Unity\Hub\Editor\2022.3.19f1\Editor\Data\PlaybackEngines\AndroidPlayer\OpenJDK\bin\nio.dll
0x00007ffea34e0000 - 0x00007ffea3505000 	C:\Program Files\Unity\Hub\Editor\2022.3.19f1\Editor\Data\PlaybackEngines\AndroidPlayer\OpenJDK\bin\sunec.dll
0x00007fff4d3c0000 - 0x00007fff4d3db000 	C:\WINDOWS\SYSTEM32\CRYPTSP.dll
0x00007fff4cb60000 - 0x00007fff4cb95000 	C:\WINDOWS\system32\rsaenh.dll
0x00007fff4d110000 - 0x00007fff4d13c000 	C:\WINDOWS\SYSTEM32\USERENV.dll
0x00007fff4d3a0000 - 0x00007fff4d3ac000 	C:\WINDOWS\SYSTEM32\CRYPTBASE.dll
0x00007fff4c600000 - 0x00007fff4c62d000 	C:\WINDOWS\SYSTEM32\IPHLPAPI.DLL
0x00007fff4e890000 - 0x00007fff4e899000 	C:\WINDOWS\System32\NSI.dll
0x00007fff48010000 - 0x00007fff48029000 	C:\WINDOWS\SYSTEM32\dhcpcsvc6.DLL
0x00007fff47eb0000 - 0x00007fff47ecf000 	C:\WINDOWS\SYSTEM32\dhcpcsvc.DLL
0x00007fff4c670000 - 0x00007fff4c769000 	C:\WINDOWS\SYSTEM32\DNSAPI.dll
0x00007fff46770000 - 0x00007fff4677a000 	C:\Windows\System32\rasadhlp.dll
0x00007fff46f60000 - 0x00007fff46fe3000 	C:\WINDOWS\System32\fwpuclnt.dll
0x00007fff29ca0000 - 0x00007fff29cae000 	C:\Program Files\Unity\Hub\Editor\2022.3.19f1\Editor\Data\PlaybackEngines\AndroidPlayer\OpenJDK\bin\sunmscapi.dll
0x00007fff4dca0000 - 0x00007fff4de06000 	C:\WINDOWS\System32\CRYPT32.dll
0x00007fff4d4b0000 - 0x00007fff4d4de000 	C:\WINDOWS\SYSTEM32\ncrypt.dll
0x00007fff4d470000 - 0x00007fff4d4a7000 	C:\WINDOWS\SYSTEM32\NTASN1.dll

dbghelp: loaded successfully - version: 4.0.5 - missing functions: none
symbol engine: initialized successfully - sym options: 0x614 - pdb path: .;C:\Program Files\Unity\Hub\Editor\2022.3.19f1\Editor\Data\PlaybackEngines\AndroidPlayer\OpenJDK\bin;C:\WINDOWS\SYSTEM32;C:\WINDOWS\WinSxS\amd64_microsoft.windows.common-controls_6595b64144ccf1df_6.0.22621.3235_none_270f74e173860f98;C:\Program Files\Unity\Hub\Editor\2022.3.19f1\Editor\Data\PlaybackEngines\AndroidPlayer\OpenJDK\bin\server

VM Arguments:
jvm_args: -Dfile.encoding=UTF-8 -Dcom.android.sdklib.toolsdir=C:\Program Files\Unity\Hub\Editor\2022.3.19f1\Editor\Data\PlaybackEngines\AndroidPlayer\SDK\cmdline-tools\6.0\bin\\.. 
java_command: com.android.sdklib.tool.sdkmanager.SdkManagerCli --list
java_class_path (initial): C:\Program Files\Unity\Hub\Editor\2022.3.19f1\Editor\Data\PlaybackEngines\AndroidPlayer\SDK\cmdline-tools\6.0\bin\..\lib\sdkmanager-classpath.jar
Launcher Type: SUN_STANDARD

[Global flags]
     intx CICompilerCount                          = 12                                        {product} {ergonomic}
     uint ConcGCThreads                            = 4                                         {product} {ergonomic}
     uint G1ConcRefinementThreads                  = 15                                        {product} {ergonomic}
   size_t G1HeapRegionSize                         = 1048576                                   {product} {ergonomic}
    uintx GCDrainStackTargetSize                   = 64                                        {product} {ergonomic}
   size_t InitialHeapSize                          = 264241152                                 {product} {ergonomic}
   size_t MarkStackSize                            = 4194304                                   {product} {ergonomic}
   size_t MaxHeapSize                              = 4208984064                                {product} {ergonomic}
   size_t MaxNewSize                               = 2524971008                                {product} {ergonomic}
   size_t MinHeapDeltaBytes                        = 1048576                                   {product} {ergonomic}
    uintx NonNMethodCodeHeapSize                   = 7594288                                {pd product} {ergonomic}
    uintx NonProfiledCodeHeapSize                  = 122031976                              {pd product} {ergonomic}
    uintx ProfiledCodeHeapSize                     = 122031976                              {pd product} {ergonomic}
    uintx ReservedCodeCacheSize                    = 251658240                              {pd product} {ergonomic}
     bool SegmentedCodeCache                       = true                                      {product} {ergonomic}
     bool UseCompressedClassPointers               = true                                 {lp64_product} {ergonomic}
     bool UseCompressedOops                        = true                                 {lp64_product} {ergonomic}
     bool UseG1GC                                  = true                                      {product} {ergonomic}
     bool UseLargePagesIndividualAllocation        = false                                  {pd product} {ergonomic}

Logging:
Log output configuration:
 #0: stdout all=warning uptime,level,tags
 #1: stderr all=off uptime,level,tags

Environment Variables:
JAVA_HOME=C:\Program Files\Unity\Hub\Editor\2022.3.19f1\Editor\Data\PlaybackEngines\AndroidPlayer\OpenJDK
JAVA_TOOL_OPTIONS=-Dfile.encoding=UTF-8
CLASSPATH=C:\Program Files\Unity\Hub\Editor\2022.3.19f1\Editor\Data\PlaybackEngines\AndroidPlayer\SDK\cmdline-tools\6.0\bin\..\lib\sdkmanager-classpath.jar
PATH=C:\Program Files (x86)\VMware\VMware Player\bin\;C:\Python312\Scripts\;C:\Python312\;C:\Program Files (x86)\Common Files\Oracle\Java\javapath;C:\VulkanSDK\1.3.268.0\Bin;C:\Python311\Scripts\;C:\Python311\;C:\Program Files\Microsoft MPI\Bin\;C:\ora19c\bin;C:\Program Files\Microsoft\jdk-11.0.12.7-hotspot\bin;C:\WINDOWS\system32;C:\WINDOWS;C:\WINDOWS\System32\Wbem;C:\WINDOWS\System32\WindowsPowerShell\v1.0\;C:\WINDOWS\System32\OpenSSH\;C:\Program Files\NVIDIA Corporation\NVIDIA NvDLISR;C:\Program Files (x86)\NVIDIA Corporation\PhysX\Common;C:\Program Files\Microsoft SQL Server\150\Tools\Binn\;C:\Program Files\Microsoft SQL Server\Client SDK\ODBC\170\Tools\Binn\;C:\Program Files\dotnet\;C:\Program Files (x86)\Microsoft SQL Server\160\Tools\Binn\;C:\Program Files\Microsoft SQL Server\160\Tools\Binn\;C:\Program Files\Microsoft SQL Server\160\DTS\Binn\;C:\Program Files (x86)\Microsoft SQL Server\160\DTS\Binn\;C:\Program Files\Azure Data Studio\bin;C:\opencv\opencv;C:\opencv\opencv\build\x64\vc16\bin;C:\Program Files\MATLAB\R2023a\bin;C:\ProgramData\chocolatey\bin;C:\Program Files\Git LFS;C:\Program Files\Git\cmd;C:\Program Files\nodejs\;C:\Program Files (x86)\Windows Kits\10\Windows Performance Toolkit\;C:\Program Files (x86)\Incredibuild;C:\src\flutter\bin;C:\Program Files\MySQL\MySQL Shell 8.0\bin\;C:\Users\Baaa\AppData\Local\Microsoft\WindowsApps;C:\Users\Baaa\AppData\Local\Programs\Microsoft VS Code\bin;C:\Users\Baaa\.dotnet\tools;C:\Program Files\Azure Data Studio\bin;C:\Program Files\JetBrains\IntelliJ IDEA Community Edition 2022.3.2\bin;;C:\Program Files\JetBrains\IntelliJ IDEA 2022.3.2\bin;;C:\Program Files\JetBrains\PyCharm 2023.2\bin;;C:\Users\Baaa\AppData\Local\GitHubDesktop\bin;C:\src\flutter\bin;C:\Users\Baaa\AppData\Roaming\npm
USERNAME=Baaa
OS=Windows_NT
PROCESSOR_IDENTIFIER=Intel64 Family 6 Model 154 Stepping 3, GenuineIntel



---------------  S Y S T E M  ---------------

OS: Windows 11 , 64 bit Build 22621 (10.0.22621.3235)
OS uptime: 0 days 0:57 hours
Hyper-V role detected

CPU:total 20 (initial active 20) (10 cores per cpu, 2 threads per core) family 6 model 154 stepping 3 microcode 0x42c, cmov, cx8, fxsr, mmx, sse, sse2, sse3, ssse3, sse4.1, sse4.2, popcnt, avx, avx2, aes, clmul, erms, 3dnowpref, lzcnt, ht, tsc, tscinvbit, bmi1, bmi2, adx, sha, fma

Memory: 4k page, system-wide physical 16051M (1366M free)
TotalPageFile size 31007M (AvailPageFile size 5M)
current process WorkingSet (physical memory assigned to process): 157M, peak: 168M
current process commit charge ("private bytes"): 425M, peak: 434M

vm_info: OpenJDK 64-Bit Server VM (11.0.14.1+1) for windows-amd64 JRE (11.0.14.1+1), built on Feb  9 2022 01:48:27 by "" with unknown MS VC++:1916

END.
